2023.01.16 12:02:14 INFO  tracing is disabled for protocol LSP, to enable tracing of incoming and outgoing JSON messages create an empty file at c:\Users\Ribeiro\IdeaProjects\BomberMan\.metals\lsp.trace.json or C:\Users\Ribeiro\AppData\Local\scalameta\metals\cache\lsp.trace.json
2023.01.16 12:02:15 INFO  logging to file C:\Users\Ribeiro\IdeaProjects\BomberMan\.metals\metals.log
2023.01.16 12:02:15 INFO  Started: Metals version 0.11.10 in workspace 'C:\Users\Ribeiro\IdeaProjects\BomberMan' for client Visual Studio Code 1.74.3.
2023.01.16 12:02:15 WARN  Can't instantiate JavaInteractiveSemanticdb (version: JdkVersion(8), jdkHome: C:\Program Files (x86)\Java\jre1.8.0_351, javac exists: false)
SLF4J: No SLF4J providers were found.
SLF4J: Defaulting to no-operation (NOP) logger implementation
SLF4J: See https://www.slf4j.org/codes.html#noProviders for further details.
SLF4J: Class path contains SLF4J bindings targeting slf4j-api versions 1.7.x or earlier.
SLF4J: Ignoring binding found at [jar:file:/C:/Users/Ribeiro/AppData/Local/Coursier/cache/v1/https/repo1.maven.org/maven2/com/outr/scribe-slf4j_2.13/3.10.5/scribe-slf4j_2.13-3.10.5.jar!/org/slf4j/impl/StaticLoggerBinder.class]
SLF4J: See https://www.slf4j.org/codes.html#ignoredBindings for an explanation.
2023.01.16 12:02:16 INFO  time: initialize in 0.94s
2023.01.16 12:02:16 WARN  Build server is not auto-connectable.
2023.01.16 12:02:16 WARN  no build tool detected in workspace 'C:\Users\Ribeiro\IdeaProjects\BomberMan'. The most common cause for this problem is that the editor was opened in the wrong working directory, for example if you use sbt then the workspace directory should contain build.sbt. 
2023.01.16 12:02:16 WARN  no build target for: C:\Users\Ribeiro\IdeaProjects\BomberMan\src\GamePlay.scala
janv. 16, 2023 12:02:17 PM org.eclipse.lsp4j.jsonrpc.RemoteEndpoint handleCancellation
AVERTISSEMENT: Unmatched cancel notification for request id 2
janv. 16, 2023 12:02:17 PM org.eclipse.lsp4j.jsonrpc.RemoteEndpoint handleCancellation
AVERTISSEMENT: Unmatched cancel notification for request id 1
2023.01.16 12:02:20 WARN  no build target for: C:\Users\Ribeiro\IdeaProjects\BomberMan\src\Grid.scala
2023.01.16 12:02:24 INFO  no build target found for C:\Users\Ribeiro\IdeaProjects\BomberMan\src\GamePlay.scala. Using presentation compiler with project's scala-library version: 3.2.1
2023.01.16 12:02:27 INFO  time: code lens generation in 7.85s
2023.01.16 12:02:27 INFO  time: code lens generation in 6.7s
2023.01.16 12:02:27 INFO  time: code lens generation in 5.79s
2023.01.16 12:02:27 INFO  time: code lens generation in 3.04s
2023.01.16 12:02:51 INFO  shutting down Metals
